<?xml version="1.0" encoding="UTF-8"?>
<!-- Generated by org.testng.reporters.JUnitReportReporter -->
<testsuite hostname="DESKTOP-Q4RLJUB" failures="0" tests="1" name="com.Trello.TestCase.EndToEndTrello" time="51.890" errors="0" timestamp="2023-10-10T12:48:49 IST" skipped="0">
  <testcase classname="com.Trello.TestCase.EndToEndTrello" name="endToEndTrello" time="51.890"/>
  <system-out/>
</testsuite> <!-- com.Trello.TestCase.EndToEndTrello -->
