<?xml version="1.0" encoding="UTF-8"?>
<!-- Generated by org.testng.reporters.JUnitReportReporter -->
<testsuite hostname="DESKTOP-Q4RLJUB" failures="0" tests="1" name="com.Trello.TestCase.EndToEndTrello" time="48.480" errors="0" timestamp="2023-09-11T09:27:32 IST" skipped="0">
  <testcase classname="com.Trello.TestCase.EndToEndTrello" name="endToEndTrello" time="48.480"/>
  <system-out/>
</testsuite> <!-- com.Trello.TestCase.EndToEndTrello -->
